Build started 09/01/2018 13:24:11.
     1>Project "Z:\_CPP_18_01_07\public\Asaf Kessler\Zoo\Zoo\Zoo.vcxproj" on node 2 (Rebuild target(s)).
     1>ClCompile:
         C:\Program Files (x86)\Microsoft Visual Studio 12.0\VC\bin\CL.exe /c /ZI /nologo /W3 /WX- /sdl /Od /Oy- /D _MBCS /Gm /EHsc /RTC1 /MDd /GS /fp:precise /Zc:wchar_t /Zc:forScope /Fo"Debug\\" /Fd"Debug\vc120.pdb" /Gd /TP /analyze- /errorReport:prompt Main.cpp
         Main.cpp
     1>z:\_cpp_18_01_07\public\asaf kessler\zoo\zoo\main.cpp(9): error C4430: missing type specifier - int assumed. Note: C++ does not support default-int
     1>Done Building Project "Z:\_CPP_18_01_07\public\Asaf Kessler\Zoo\Zoo\Zoo.vcxproj" (Rebuild target(s)) -- FAILED.

Build FAILED.

Time Elapsed 00:00:00.60
